0 info it worked if it ends with ok
1 verbose cli [ '/usr/local/bin/node', '/usr/local/bin/npm', 'run', 'dev' ]
2 info using npm@2.15.8
3 info using node@v4.4.7
4 verbose config Skipping project config: /Users/youknowznm/.npmrc. (matches userconfig)
5 verbose stack Error: ENOENT: no such file or directory, open '/Users/youknowznm/package.json'
5 verbose stack     at Error (native)
6 verbose cwd /Users/youknowznm/Desktop/rep/Paint
7 error Darwin 15.6.0
8 error argv "/usr/local/bin/node" "/usr/local/bin/npm" "run" "dev"
9 error node v4.4.7
10 error npm  v2.15.8
11 error path /Users/youknowznm/package.json
12 error code ENOENT
13 error errno -2
14 error syscall open
15 error enoent ENOENT: no such file or directory, open '/Users/youknowznm/package.json'
15 error enoent This is most likely not a problem with npm itself
15 error enoent and is related to npm not being able to find a file.
16 verbose exit [ -2, true ]
